<?xml version="1.0" encoding="UTF-8"?>
<testng-results skipped="0" failed="0" ignored="0" total="10" passed="10">
  <reporter-output>
  </reporter-output>
  <suite name="Default suite" duration-ms="63423" started-at="2019-04-24T11:45:43Z" finished-at="2019-04-24T11:46:47Z">
    <groups>
    </groups>
    <test name="Default test" duration-ms="63423" started-at="2019-04-24T11:45:43Z" finished-at="2019-04-24T11:46:47Z">
      <class name="firsttestngpackage.FirstTestNGFile">
        <test-method status="PASS" signature="SetUp()[pri:0, instance:firsttestngpackage.FirstTestNGFile@5419f379]" name="SetUp" is-config="true" duration-ms="4349" started-at="2019-04-24T11:45:43Z" finished-at="2019-04-24T11:45:48Z">
          <reporter-output>
          </reporter-output>
        </test-method> <!-- SetUp -->
        <test-method status="PASS" signature="googleTitleTest()[pri:0, instance:firsttestngpackage.FirstTestNGFile@5419f379]" name="googleTitleTest" duration-ms="14" started-at="2019-04-24T11:45:48Z" finished-at="2019-04-24T11:45:48Z">
          <reporter-output>
          </reporter-output>
        </test-method> <!-- googleTitleTest -->
        <test-method status="PASS" signature="tearDown()[pri:0, instance:firsttestngpackage.FirstTestNGFile@5419f379]" name="tearDown" is-config="true" duration-ms="2318" started-at="2019-04-24T11:45:48Z" finished-at="2019-04-24T11:45:50Z">
          <reporter-output>
          </reporter-output>
        </test-method> <!-- tearDown -->
        <test-method status="PASS" signature="SetUp()[pri:0, instance:firsttestngpackage.FirstTestNGFile@5419f379]" name="SetUp" is-config="true" duration-ms="4098" started-at="2019-04-24T11:45:50Z" finished-at="2019-04-24T11:45:54Z">
          <reporter-output>
          </reporter-output>
        </test-method> <!-- SetUp -->
        <test-method status="PASS" signature="googleTitleTest()[pri:0, instance:firsttestngpackage.FirstTestNGFile@5419f379]" name="googleTitleTest" duration-ms="7" started-at="2019-04-24T11:45:54Z" finished-at="2019-04-24T11:45:54Z">
          <reporter-output>
          </reporter-output>
        </test-method> <!-- googleTitleTest -->
        <test-method status="PASS" signature="tearDown()[pri:0, instance:firsttestngpackage.FirstTestNGFile@5419f379]" name="tearDown" is-config="true" duration-ms="2318" started-at="2019-04-24T11:45:54Z" finished-at="2019-04-24T11:45:56Z">
          <reporter-output>
          </reporter-output>
        </test-method> <!-- tearDown -->
        <test-method status="PASS" signature="SetUp()[pri:0, instance:firsttestngpackage.FirstTestNGFile@5419f379]" name="SetUp" is-config="true" duration-ms="3948" started-at="2019-04-24T11:45:56Z" finished-at="2019-04-24T11:46:00Z">
          <reporter-output>
          </reporter-output>
        </test-method> <!-- SetUp -->
        <test-method status="PASS" signature="googleTitleTest()[pri:0, instance:firsttestngpackage.FirstTestNGFile@5419f379]" name="googleTitleTest" duration-ms="11" started-at="2019-04-24T11:46:00Z" finished-at="2019-04-24T11:46:00Z">
          <reporter-output>
          </reporter-output>
        </test-method> <!-- googleTitleTest -->
        <test-method status="PASS" signature="tearDown()[pri:0, instance:firsttestngpackage.FirstTestNGFile@5419f379]" name="tearDown" is-config="true" duration-ms="2081" started-at="2019-04-24T11:46:00Z" finished-at="2019-04-24T11:46:03Z">
          <reporter-output>
          </reporter-output>
        </test-method> <!-- tearDown -->
        <test-method status="PASS" signature="SetUp()[pri:0, instance:firsttestngpackage.FirstTestNGFile@5419f379]" name="SetUp" is-config="true" duration-ms="3939" started-at="2019-04-24T11:46:03Z" finished-at="2019-04-24T11:46:06Z">
          <reporter-output>
          </reporter-output>
        </test-method> <!-- SetUp -->
        <test-method status="PASS" signature="googleTitleTest()[pri:0, instance:firsttestngpackage.FirstTestNGFile@5419f379]" name="googleTitleTest" duration-ms="11" started-at="2019-04-24T11:46:06Z" finished-at="2019-04-24T11:46:06Z">
          <reporter-output>
          </reporter-output>
        </test-method> <!-- googleTitleTest -->
        <test-method status="PASS" signature="tearDown()[pri:0, instance:firsttestngpackage.FirstTestNGFile@5419f379]" name="tearDown" is-config="true" duration-ms="2317" started-at="2019-04-24T11:46:06Z" finished-at="2019-04-24T11:46:09Z">
          <reporter-output>
          </reporter-output>
        </test-method> <!-- tearDown -->
        <test-method status="PASS" signature="SetUp()[pri:0, instance:firsttestngpackage.FirstTestNGFile@5419f379]" name="SetUp" is-config="true" duration-ms="4035" started-at="2019-04-24T11:46:09Z" finished-at="2019-04-24T11:46:13Z">
          <reporter-output>
          </reporter-output>
        </test-method> <!-- SetUp -->
        <test-method status="PASS" signature="googleTitleTest()[pri:0, instance:firsttestngpackage.FirstTestNGFile@5419f379]" name="googleTitleTest" duration-ms="9" started-at="2019-04-24T11:46:13Z" finished-at="2019-04-24T11:46:13Z">
          <reporter-output>
          </reporter-output>
        </test-method> <!-- googleTitleTest -->
        <test-method status="PASS" signature="tearDown()[pri:0, instance:firsttestngpackage.FirstTestNGFile@5419f379]" name="tearDown" is-config="true" duration-ms="2319" started-at="2019-04-24T11:46:13Z" finished-at="2019-04-24T11:46:15Z">
          <reporter-output>
          </reporter-output>
        </test-method> <!-- tearDown -->
        <test-method status="PASS" signature="SetUp()[pri:0, instance:firsttestngpackage.FirstTestNGFile@5419f379]" name="SetUp" is-config="true" duration-ms="4154" started-at="2019-04-24T11:46:15Z" finished-at="2019-04-24T11:46:19Z">
          <reporter-output>
          </reporter-output>
        </test-method> <!-- SetUp -->
        <test-method status="PASS" signature="googleTitleTest()[pri:0, instance:firsttestngpackage.FirstTestNGFile@5419f379]" name="googleTitleTest" duration-ms="10" started-at="2019-04-24T11:46:19Z" finished-at="2019-04-24T11:46:19Z">
          <reporter-output>
          </reporter-output>
        </test-method> <!-- googleTitleTest -->
        <test-method status="PASS" signature="tearDown()[pri:0, instance:firsttestngpackage.FirstTestNGFile@5419f379]" name="tearDown" is-config="true" duration-ms="2327" started-at="2019-04-24T11:46:19Z" finished-at="2019-04-24T11:46:22Z">
          <reporter-output>
          </reporter-output>
        </test-method> <!-- tearDown -->
        <test-method status="PASS" signature="SetUp()[pri:0, instance:firsttestngpackage.FirstTestNGFile@5419f379]" name="SetUp" is-config="true" duration-ms="3901" started-at="2019-04-24T11:46:22Z" finished-at="2019-04-24T11:46:26Z">
          <reporter-output>
          </reporter-output>
        </test-method> <!-- SetUp -->
        <test-method status="PASS" signature="googleTitleTest()[pri:0, instance:firsttestngpackage.FirstTestNGFile@5419f379]" name="googleTitleTest" duration-ms="8" started-at="2019-04-24T11:46:26Z" finished-at="2019-04-24T11:46:26Z">
          <reporter-output>
          </reporter-output>
        </test-method> <!-- googleTitleTest -->
        <test-method status="PASS" signature="tearDown()[pri:0, instance:firsttestngpackage.FirstTestNGFile@5419f379]" name="tearDown" is-config="true" duration-ms="2318" started-at="2019-04-24T11:46:26Z" finished-at="2019-04-24T11:46:28Z">
          <reporter-output>
          </reporter-output>
        </test-method> <!-- tearDown -->
        <test-method status="PASS" signature="SetUp()[pri:0, instance:firsttestngpackage.FirstTestNGFile@5419f379]" name="SetUp" is-config="true" duration-ms="4057" started-at="2019-04-24T11:46:28Z" finished-at="2019-04-24T11:46:32Z">
          <reporter-output>
          </reporter-output>
        </test-method> <!-- SetUp -->
        <test-method status="PASS" signature="googleTitleTest()[pri:0, instance:firsttestngpackage.FirstTestNGFile@5419f379]" name="googleTitleTest" duration-ms="8" started-at="2019-04-24T11:46:32Z" finished-at="2019-04-24T11:46:32Z">
          <reporter-output>
          </reporter-output>
        </test-method> <!-- googleTitleTest -->
        <test-method status="PASS" signature="tearDown()[pri:0, instance:firsttestngpackage.FirstTestNGFile@5419f379]" name="tearDown" is-config="true" duration-ms="2316" started-at="2019-04-24T11:46:32Z" finished-at="2019-04-24T11:46:34Z">
          <reporter-output>
          </reporter-output>
        </test-method> <!-- tearDown -->
        <test-method status="PASS" signature="SetUp()[pri:0, instance:firsttestngpackage.FirstTestNGFile@5419f379]" name="SetUp" is-config="true" duration-ms="3811" started-at="2019-04-24T11:46:34Z" finished-at="2019-04-24T11:46:38Z">
          <reporter-output>
          </reporter-output>
        </test-method> <!-- SetUp -->
        <test-method status="PASS" signature="googleTitleTest()[pri:0, instance:firsttestngpackage.FirstTestNGFile@5419f379]" name="googleTitleTest" duration-ms="10" started-at="2019-04-24T11:46:38Z" finished-at="2019-04-24T11:46:38Z">
          <reporter-output>
          </reporter-output>
        </test-method> <!-- googleTitleTest -->
        <test-method status="PASS" signature="tearDown()[pri:0, instance:firsttestngpackage.FirstTestNGFile@5419f379]" name="tearDown" is-config="true" duration-ms="2321" started-at="2019-04-24T11:46:38Z" finished-at="2019-04-24T11:46:40Z">
          <reporter-output>
          </reporter-output>
        </test-method> <!-- tearDown -->
        <test-method status="PASS" signature="SetUp()[pri:0, instance:firsttestngpackage.FirstTestNGFile@5419f379]" name="SetUp" is-config="true" duration-ms="4050" started-at="2019-04-24T11:46:40Z" finished-at="2019-04-24T11:46:44Z">
          <reporter-output>
          </reporter-output>
        </test-method> <!-- SetUp -->
        <test-method status="PASS" signature="googleTitleTest()[pri:0, instance:firsttestngpackage.FirstTestNGFile@5419f379]" name="googleTitleTest" duration-ms="9" started-at="2019-04-24T11:46:44Z" finished-at="2019-04-24T11:46:44Z">
          <reporter-output>
          </reporter-output>
        </test-method> <!-- googleTitleTest -->
        <test-method status="PASS" signature="tearDown()[pri:0, instance:firsttestngpackage.FirstTestNGFile@5419f379]" name="tearDown" is-config="true" duration-ms="2312" started-at="2019-04-24T11:46:44Z" finished-at="2019-04-24T11:46:47Z">
          <reporter-output>
          </reporter-output>
        </test-method> <!-- tearDown -->
      </class> <!-- firsttestngpackage.FirstTestNGFile -->
    </test> <!-- Default test -->
  </suite> <!-- Default suite -->
</testng-results>
