<?xml version="1.0" encoding="UTF-8"?>
<!-- Generated by org.testng.reporters.JUnitXMLReporter -->
<testsuite hostname="WKWIN8641454" ignored="0" name="Default test" tests="10" failures="0" timestamp="24 Apr 2019 11:46:47 GMT" time="63.423" errors="0">
  <testcase name="googleTitleTest" time="0.014" classname="firsttestngpackage.FirstTestNGFile"/>
  <testcase name="googleTitleTest" time="0.007" classname="firsttestngpackage.FirstTestNGFile"/>
  <testcase name="googleTitleTest" time="0.011" classname="firsttestngpackage.FirstTestNGFile"/>
  <testcase name="googleTitleTest" time="0.011" classname="firsttestngpackage.FirstTestNGFile"/>
  <testcase name="googleTitleTest" time="0.009" classname="firsttestngpackage.FirstTestNGFile"/>
  <testcase name="googleTitleTest" time="0.01" classname="firsttestngpackage.FirstTestNGFile"/>
  <testcase name="googleTitleTest" time="0.008" classname="firsttestngpackage.FirstTestNGFile"/>
  <testcase name="googleTitleTest" time="0.008" classname="firsttestngpackage.FirstTestNGFile"/>
  <testcase name="googleTitleTest" time="0.01" classname="firsttestngpackage.FirstTestNGFile"/>
  <testcase name="googleTitleTest" time="0.009" classname="firsttestngpackage.FirstTestNGFile"/>
</testsuite> <!-- Default test -->
