<?xml version="1.0" encoding="UTF-8"?>
<testng-results skipped="0" failed="0" ignored="0" total="1" passed="1">
  <reporter-output>
  </reporter-output>
  <suite name="Default suite" duration-ms="4784" started-at="2019-05-08T11:44:03Z" finished-at="2019-05-08T11:44:08Z">
    <groups>
    </groups>
    <test name="Default test" duration-ms="4784" started-at="2019-05-08T11:44:03Z" finished-at="2019-05-08T11:44:08Z">
      <class name="com.ef.qa.testcases.LoginPageTest">
        <test-method status="PASS" signature="setUP()[pri:0, instance:com.ef.qa.testcases.LoginPageTest@59f99ea]" name="setUP" is-config="true" duration-ms="4089" started-at="2019-05-08T11:44:03Z" finished-at="2019-05-08T11:44:08Z">
          <reporter-output>
          </reporter-output>
        </test-method> <!-- setUP -->
        <test-method status="PASS" signature="loginPageTitleTest()[pri:0, instance:com.ef.qa.testcases.LoginPageTest@59f99ea]" name="loginPageTitleTest" duration-ms="13" started-at="2019-05-08T11:44:08Z" finished-at="2019-05-08T11:44:08Z">
          <reporter-output>
          </reporter-output>
        </test-method> <!-- loginPageTitleTest -->
        <test-method status="PASS" signature="tearDown()[pri:0, instance:com.ef.qa.testcases.LoginPageTest@59f99ea]" name="tearDown" is-config="true" duration-ms="665" started-at="2019-05-08T11:44:08Z" finished-at="2019-05-08T11:44:08Z">
          <reporter-output>
          </reporter-output>
        </test-method> <!-- tearDown -->
      </class> <!-- com.ef.qa.testcases.LoginPageTest -->
    </test> <!-- Default test -->
  </suite> <!-- Default suite -->
</testng-results>
