<?xml version="1.0" encoding="UTF-8"?>
<!-- Generated by org.testng.reporters.JUnitXMLReporter -->
<testsuite hostname="WKWIN8641454" ignored="0" name="Eileen Fisher Test Cases" tests="1" failures="0" timestamp="01 May 2019 08:36:58 GMT" time="0.044" errors="0">
  <testcase name="@BeforeMethod setUP" time="0.007" classname="com.ef.qa.testcases.LoginPageTest">
    <failure type="java.lang.NullPointerException">
      <![CDATA[java.lang.NullPointerException
at com.ef.qa.base.TestBase.initialization(TestBase.java:40)
at com.ef.qa.testcases.LoginPageTest.setUP(LoginPageTest.java:20)
... Removed 28 stack frames]]>
    </failure>
  </testcase> <!-- @BeforeMethod setUP -->
  <testcase name="@AfterMethod tearDown" time="0.0" classname="com.ef.qa.testcases.LoginPageTest">
    <skipped/>
  </testcase> <!-- @AfterMethod tearDown -->
  <testcase name="loginPageTitleTest" time="0.0" classname="com.ef.qa.testcases.LoginPageTest">
    <skipped/>
  </testcase> <!-- loginPageTitleTest -->
</testsuite> <!-- Eileen Fisher Test Cases -->
